<?xml version="1.0" encoding="UTF-8"?>
<testng-results skipped="0" failed="0" ignored="0" total="2" passed="2">
  <reporter-output>
  </reporter-output>
  <suite name="Command line suite" duration-ms="126176" started-at="2017-11-29T23:47:29Z" finished-at="2017-11-29T23:49:35Z">
    <groups>
      <group name="regression">
        <method signature="AppTest.testActionSheets()[pri:0, instance:com.appium.GridUFramework.AppTest@348d18a3]" name="testActionSheets" class="com.appium.GridUFramework.AppTest"/>
        <method signature="AppTest.testactivityIndicators()[pri:0, instance:com.appium.GridUFramework.AppTest@348d18a3]" name="testactivityIndicators" class="com.appium.GridUFramework.AppTest"/>
      </group> <!-- regression -->
    </groups>
    <test name="Command line test" duration-ms="126176" started-at="2017-11-29T23:47:29Z" finished-at="2017-11-29T23:49:35Z">
      <class name="com.appium.GridUFramework.AppTest">
        <test-method status="PASS" signature="startServer()[pri:0, instance:com.appium.GridUFramework.AppTest@348d18a3]" name="startServer" is-config="true" duration-ms="5058" started-at="2017-11-29T15:47:23Z" finished-at="2017-11-29T15:47:29Z">
          <reporter-output>
          </reporter-output>
        </test-method> <!-- startServer -->
        <test-method status="PASS" signature="setup()[pri:0, instance:com.appium.GridUFramework.AppTest@348d18a3]" name="setup" is-config="true" duration-ms="53095" started-at="2017-11-29T15:47:29Z" finished-at="2017-11-29T15:48:22Z">
          <reporter-output>
          </reporter-output>
        </test-method> <!-- setup -->
        <test-method status="PASS" signature="testActionSheets()[pri:0, instance:com.appium.GridUFramework.AppTest@348d18a3]" name="testActionSheets" duration-ms="16035" started-at="2017-11-29T15:48:22Z" finished-at="2017-11-29T15:48:38Z">
          <reporter-output>
          </reporter-output>
        </test-method> <!-- testActionSheets -->
        <test-method status="PASS" signature="setup()[pri:0, instance:com.appium.GridUFramework.AppTest@348d18a3]" name="setup" is-config="true" duration-ms="36034" started-at="2017-11-29T15:48:38Z" finished-at="2017-11-29T15:49:14Z">
          <reporter-output>
          </reporter-output>
        </test-method> <!-- setup -->
        <test-method status="PASS" signature="testactivityIndicators()[pri:0, instance:com.appium.GridUFramework.AppTest@348d18a3]" name="testactivityIndicators" duration-ms="10327" started-at="2017-11-29T15:49:14Z" finished-at="2017-11-29T15:49:24Z">
          <reporter-output>
          </reporter-output>
        </test-method> <!-- testactivityIndicators -->
        <test-method status="PASS" signature="closeDriver()[pri:0, instance:com.appium.GridUFramework.AppTest@348d18a3]" name="closeDriver" is-config="true" duration-ms="10575" started-at="2017-11-29T15:49:24Z" finished-at="2017-11-29T15:49:35Z">
          <reporter-output>
          </reporter-output>
        </test-method> <!-- closeDriver -->
        <test-method status="PASS" signature="stopServer()[pri:0, instance:com.appium.GridUFramework.AppTest@348d18a3]" name="stopServer" is-config="true" duration-ms="19" started-at="2017-11-29T15:49:35Z" finished-at="2017-11-29T15:49:35Z">
          <reporter-output>
          </reporter-output>
        </test-method> <!-- stopServer -->
      </class> <!-- com.appium.GridUFramework.AppTest -->
    </test> <!-- Command line test -->
  </suite> <!-- Command line suite -->
</testng-results>
