<?xml version="1.0" encoding="UTF-8"?>
<testng-results skipped="0" failed="0" ignored="0" total="2" passed="2">
  <reporter-output>
  </reporter-output>
  <suite name="Command line suite" duration-ms="116190" started-at="2017-11-29T06:39:14Z" finished-at="2017-11-29T06:41:10Z">
    <groups>
      <group name="regression">
        <method signature="AppTest.testActionSheets()[pri:0, instance:com.appium.GridUFramework.AppTest@256a1825]" name="testActionSheets" class="com.appium.GridUFramework.AppTest"/>
        <method signature="AppTest.testactivityIndicators()[pri:0, instance:com.appium.GridUFramework.AppTest@256a1825]" name="testactivityIndicators" class="com.appium.GridUFramework.AppTest"/>
      </group> <!-- regression -->
    </groups>
    <test name="Command line test" duration-ms="116190" started-at="2017-11-29T06:39:14Z" finished-at="2017-11-29T06:41:10Z">
      <class name="com.appium.GridUFramework.AppTest">
        <test-method status="PASS" signature="startServer()[pri:0, instance:com.appium.GridUFramework.AppTest@256a1825]" name="startServer" is-config="true" duration-ms="5054" started-at="2017-11-28T22:39:09Z" finished-at="2017-11-28T22:39:14Z">
          <reporter-output>
          </reporter-output>
        </test-method> <!-- startServer -->
        <test-method status="PASS" signature="setup()[pri:0, instance:com.appium.GridUFramework.AppTest@256a1825]" name="setup" is-config="true" duration-ms="46823" started-at="2017-11-28T22:39:14Z" finished-at="2017-11-28T22:40:01Z">
          <reporter-output>
          </reporter-output>
        </test-method> <!-- setup -->
        <test-method status="PASS" signature="testActionSheets()[pri:0, instance:com.appium.GridUFramework.AppTest@256a1825]" name="testActionSheets" duration-ms="14730" started-at="2017-11-28T22:40:01Z" finished-at="2017-11-28T22:40:15Z">
          <reporter-output>
          </reporter-output>
        </test-method> <!-- testActionSheets -->
        <test-method status="PASS" signature="setup()[pri:0, instance:com.appium.GridUFramework.AppTest@256a1825]" name="setup" is-config="true" duration-ms="33727" started-at="2017-11-28T22:40:15Z" finished-at="2017-11-28T22:40:49Z">
          <reporter-output>
          </reporter-output>
        </test-method> <!-- setup -->
        <test-method status="PASS" signature="testactivityIndicators()[pri:0, instance:com.appium.GridUFramework.AppTest@256a1825]" name="testactivityIndicators" duration-ms="8484" started-at="2017-11-28T22:40:49Z" finished-at="2017-11-28T22:40:57Z">
          <reporter-output>
          </reporter-output>
        </test-method> <!-- testactivityIndicators -->
        <test-method status="PASS" signature="closeDriver()[pri:0, instance:com.appium.GridUFramework.AppTest@256a1825]" name="closeDriver" is-config="true" duration-ms="12353" started-at="2017-11-28T22:40:57Z" finished-at="2017-11-28T22:41:10Z">
          <reporter-output>
          </reporter-output>
        </test-method> <!-- closeDriver -->
        <test-method status="PASS" signature="stopServer()[pri:0, instance:com.appium.GridUFramework.AppTest@256a1825]" name="stopServer" is-config="true" duration-ms="12" started-at="2017-11-28T22:41:10Z" finished-at="2017-11-28T22:41:10Z">
          <reporter-output>
          </reporter-output>
        </test-method> <!-- stopServer -->
      </class> <!-- com.appium.GridUFramework.AppTest -->
    </test> <!-- Command line test -->
  </suite> <!-- Command line suite -->
</testng-results>
